<?xml version="1.0" encoding="UTF-8"?>
<!-- Generated by org.testng.reporters.JUnitReportReporter -->
<testsuite skipped="0" hostname="DESKTOP-K54U0PT" name="SeleniumFirstTestNG.FirstNewTestNG" tests="1" failures="0" timestamp="2021-08-19T13:52:35 BDT" time="74.112" errors="0">
  <testcase name="verifyHomepageTitle" time="74.112" classname="SeleniumFirstTestNG.FirstNewTestNG"/>
  <system-out/>
</testsuite> <!-- SeleniumFirstTestNG.FirstNewTestNG -->
